<?xml version="1.0" encoding="UTF-8"?>
<testng-results skipped="0" failed="0" total="1" passed="1">
  <reporter-output>
  </reporter-output>
  <suite name="Default suite" duration-ms="31615" started-at="2019-07-24T10:20:29Z" finished-at="2019-07-24T10:21:00Z">
    <groups>
    </groups>
    <test name="Default test" duration-ms="31615" started-at="2019-07-24T10:20:29Z" finished-at="2019-07-24T10:21:00Z">
      <class name="Test.NewTest">
        <test-method status="PASS" signature="beforeMethod()[pri:0, instance:Test.NewTest@6d78f375]" name="beforeMethod" is-config="true" duration-ms="14694" started-at="2019-07-24T15:50:29Z" finished-at="2019-07-24T15:50:43Z">
          <reporter-output>
          </reporter-output>
        </test-method> <!-- beforeMethod -->
        <test-method status="PASS" signature="f()[pri:0, instance:Test.NewTest@6d78f375]" name="f" duration-ms="16730" started-at="2019-07-24T15:50:43Z" finished-at="2019-07-24T15:51:00Z">
          <reporter-output>
          </reporter-output>
        </test-method> <!-- f -->
        <test-method status="PASS" signature="afterMethod()[pri:0, instance:Test.NewTest@6d78f375]" name="afterMethod" is-config="true" duration-ms="169" started-at="2019-07-24T15:51:00Z" finished-at="2019-07-24T15:51:00Z">
          <reporter-output>
          </reporter-output>
        </test-method> <!-- afterMethod -->
      </class> <!-- Test.NewTest -->
    </test> <!-- Default test -->
  </suite> <!-- Default suite -->
</testng-results>
